=== Sorted courses (first is most constrained) ===
 0 CSE356 [lab] dur=240 cpw=1 weekly=240min teacher=DMKB
 1 CSE360 [lab] dur=240 cpw=1 weekly=240min teacher=FH
 2 CSE258 [lab] dur=240 cpw=1 weekly=240min teacher=FH
 3 CSE257 [lab] dur=240 cpw=1 weekly=240min teacher=FH
 4 CSE404 [lab] dur=240 cpw=1 weekly=240min teacher=MF
 5 CSE414 [lab] dur=240 cpw=1 weekly=240min teacher=MNH
 6 CSE402 [lab] dur=240 cpw=1 weekly=240min teacher=NI
 7 CSE403 [lab] dur=240 cpw=1 weekly=240min teacher=MF
 8 CSE352 [lab] dur=240 cpw=1 weekly=240min teacher=DSA
 9 CSE358 [lab] dur=240 cpw=1 weekly=240min teacher=MNH
10 CSE354 [lab] dur=240 cpw=1 weekly=240min teacher=NI
11 CSE256 [lab] dur=240 cpw=1 weekly=240min teacher=NI
12 CSE252 [lab] dur=240 cpw=1 weekly=240min teacher=AMA
13 CSE206 [lab] dur=240 cpw=1 weekly=240min teacher=AMA
14 CSE204 [lab] dur=240 cpw=1 weekly=240min teacher=DSA
15 CSE102 [lab] dur=240 cpw=1 weekly=240min teacher=MF
16 CSE405 [theory] dur=50 cpw=3 weekly=150min teacher=DMKB
17 CSE359 [theory] dur=50 cpw=3 weekly=150min teacher=FH
18 CSE355 [theory] dur=50 cpw=3 weekly=150min teacher=DMKB
19 CSE401 [theory] dur=50 cpw=3 weekly=150min teacher=NI
20 CSE413 [theory] dur=50 cpw=3 weekly=150min teacher=MNH
21 CSE353 [theory] dur=50 cpw=3 weekly=150min teacher=NI
22 CSE351 [theory] dur=50 cpw=3 weekly=150min teacher=DSA
23 CSE357 [theory] dur=50 cpw=3 weekly=150min teacher=MNH
24 CSE255 [theory] dur=50 cpw=3 weekly=150min teacher=NI
25 CSE253 [theory] dur=50 cpw=3 weekly=150min teacher=AMA
26 MAT265 [theory] dur=50 cpw=3 weekly=150min teacher=SY
27 CSE201 [theory] dur=50 cpw=3 weekly=150min teacher=MNH
28 CSE205 [theory] dur=50 cpw=3 weekly=150min teacher=AMA
29 CSE203 [theory] dur=50 cpw=3 weekly=150min teacher=DSA
30 CSE103 [theory] dur=50 cpw=3 weekly=150min teacher=MF
31 CSE105 [theory] dur=50 cpw=3 weekly=150min teacher=NI
32 CSE406 [theory] dur=50 cpw=2 weekly=100min teacher=DMKB
33 CSE254 [theory] dur=50 cpw=2 weekly=100min teacher=AMA
34 CSE259 [theory] dur=50 cpw=2 weekly=100min teacher=AMA
35 CSE202 [theory] dur=50 cpw=2 weekly=100min teacher=MNH
36 CSE104 [theory] dur=50 cpw=2 weekly=100min teacher=MF
