Daily: pre-break=240min (09:00-13:00), post-break=110min (14:00-15:50)
Working days: 5, weeklyWindow=1750min
Rooms: 4 labs (R411A,R503,R504,R505), 3 classrooms (R407,R408,R409)

Lab courses: 16 (total 16 sessions/week)
Theory courses: 21 (total 58 sessions/week)
Lab durations: 240,240,240,240,240,240,240,240,240,240,240,240,240,240,240,240
Theory durations: 50

Lab block capacity: 4 labs x 5 days = 20 morning blocks
Lab demand: 16 blocks
Lab surplus/deficit: 4

=== Per-teacher capacity ===
Pre-break weekly min (across all days) = 1200
Post-break weekly min (across all days) = 550

NI: demand=1320min (lab=720, theory=600)
   courses:
     CSE401 [theory] dur=50 cpw=3 weekly=150min
     CSE402 [lab] dur=240 cpw=1 weekly=240min
     CSE353 [theory] dur=50 cpw=3 weekly=150min
     CSE354 [lab] dur=240 cpw=1 weekly=240min
     CSE256 [lab] dur=240 cpw=1 weekly=240min
     CSE255 [theory] dur=50 cpw=3 weekly=150min
     CSE105 [theory] dur=50 cpw=3 weekly=150min

MNH: demand=1030min (lab=480, theory=550)
   courses:
     CSE413 [theory] dur=50 cpw=3 weekly=150min
     CSE414 [lab] dur=240 cpw=1 weekly=240min
     CSE358 [lab] dur=240 cpw=1 weekly=240min
     CSE357 [theory] dur=50 cpw=3 weekly=150min
     CSE201 [theory] dur=50 cpw=3 weekly=150min
     CSE202 [theory] dur=50 cpw=2 weekly=100min

AMA: demand=980min (lab=480, theory=500)
   courses:
     CSE253 [theory] dur=50 cpw=3 weekly=150min
     CSE254 [theory] dur=50 cpw=2 weekly=100min
     CSE259 [theory] dur=50 cpw=2 weekly=100min
     CSE252 [lab] dur=240 cpw=1 weekly=240min
     CSE206 [lab] dur=240 cpw=1 weekly=240min
     CSE205 [theory] dur=50 cpw=3 weekly=150min

MF: demand=970min (lab=720, theory=250)
   courses:
     CSE404 [lab] dur=240 cpw=1 weekly=240min
     CSE403 [lab] dur=240 cpw=1 weekly=240min
     CSE103 [theory] dur=50 cpw=3 weekly=150min
     CSE104 [theory] dur=50 cpw=2 weekly=100min
     CSE102 [lab] dur=240 cpw=1 weekly=240min

FH: demand=870min (lab=720, theory=150)
   courses:
     CSE359 [theory] dur=50 cpw=3 weekly=150min
     CSE360 [lab] dur=240 cpw=1 weekly=240min
     CSE258 [lab] dur=240 cpw=1 weekly=240min
     CSE257 [lab] dur=240 cpw=1 weekly=240min

DSA: demand=780min (lab=480, theory=300)
   courses:
     CSE351 [theory] dur=50 cpw=3 weekly=150min
     CSE352 [lab] dur=240 cpw=1 weekly=240min
     CSE203 [theory] dur=50 cpw=3 weekly=150min
     CSE204 [lab] dur=240 cpw=1 weekly=240min

DMKB: demand=640min (lab=240, theory=400)
   courses:
     CSE405 [theory] dur=50 cpw=3 weekly=150min
     CSE406 [theory] dur=50 cpw=2 weekly=100min
     CSE355 [theory] dur=50 cpw=3 weekly=150min
     CSE356 [lab] dur=240 cpw=1 weekly=240min

SY: demand=150min (lab=0, theory=150)
   courses:
     MAT265 [theory] dur=50 cpw=3 weekly=150min

=== Per-teacher morning requirement (for labs) ===
NI: 3 lab sessions = 3 distinct morning blocks (out of 5 available)
   remaining pre-break capacity for this teacher = 480min
   theory demand = 600min; can use post-break (550min total)
MNH: 2 lab sessions = 2 distinct morning blocks (out of 5 available)
   remaining pre-break capacity for this teacher = 720min
   theory demand = 550min; can use post-break (550min total)
AMA: 2 lab sessions = 2 distinct morning blocks (out of 5 available)
   remaining pre-break capacity for this teacher = 720min
   theory demand = 500min; can use post-break (550min total)
MF: 3 lab sessions = 3 distinct morning blocks (out of 5 available)
   remaining pre-break capacity for this teacher = 480min
   theory demand = 250min; can use post-break (550min total)
FH: 3 lab sessions = 3 distinct morning blocks (out of 5 available)
   remaining pre-break capacity for this teacher = 480min
   theory demand = 150min; can use post-break (550min total)
DSA: 2 lab sessions = 2 distinct morning blocks (out of 5 available)
   remaining pre-break capacity for this teacher = 720min
   theory demand = 300min; can use post-break (550min total)
DMKB: 1 lab sessions = 1 distinct morning blocks (out of 5 available)
   remaining pre-break capacity for this teacher = 960min
   theory demand = 400min; can use post-break (550min total)
